<?xml version="1.0" encoding="UTF-8"?>
<testsuite name="Yo como usuario" tests="1" skipped="0" failures="0" errors="0" timestamp="2021-04-21T23:35:14" hostname="DESKTOP-5VJR672" time="65.789">
  <properties/>
  <testcase name="Creación Empleado Exitosa" classname="Yo como usuario" time="65.789"/>
  <system-out><![CDATA[]]></system-out>
  <system-err><![CDATA[abr 21, 2021 6:35:14 PM org.openqa.selenium.remote.DesiredCapabilities chrome
INFORMACIÓN: Using `new ChromeOptions()` is preferred to `DesiredCapabilities.chrome()`
[Test worker] INFO net.serenitybdd.core.webdriver.driverproviders.ProvideNewDriver - Instantiating driver
[Test worker] INFO net.serenitybdd.core.webdriver.driverproviders.ProvideNewDriver - Driver capabilities: Capabilities {acceptInsecureCerts: false, browserName: chrome, chrome.switches: --disable-popup-blocking,--..., goog:chromeOptions: {args: [--disable-popup-blocking, --incognito, --disable-download-notifica..., --start-maximized, --test-type, --ignore-certificate-errors, --allow-running-insecure-co..., --disable-translate, --always-authorize-plugins, --disable-extensions, --disable-dev-shm-usage], extensions: []}, loggingPrefs: org.openqa.selenium.logging..., platform: ANY, supportsAlerts: false, version: }
Starting ChromeDriver 89.0.4389.23 (61b08ee2c50024bab004e48d2b1b083cdbdac579-refs/branch-heads/4389@{#294}) on port 39192
Only local connections are allowed.
Please see https://chromedriver.chromium.org/security-considerations for suggestions on keeping ChromeDriver safe.
ChromeDriver was started successfully.
[1619048117.344][WARNING]: This version of ChromeDriver has not been tested with Chrome version 90.
abr 21, 2021 6:35:17 PM org.openqa.selenium.remote.ProtocolHandshake createSession
INFORMACIÓN: Detected dialect: W3C
[Test worker] INFO net.thucydides.core.steps.ConsoleLoggingListener - 
        __    _____ _____ ____ _____   ____   _    ____  ____  _____ ____  
  _     \ \  |_   _| ____/ ___|_   _| |  _ \ / \  / ___|/ ___|| ____|  _ \ 
 (_)_____| |   | | |  _| \___ \ | |   | |_) / _ \ \___ \\___ \|  _| | | | |
  _|_____| |   | | | |___ ___) || |   |  __/ ___ \ ___) |___) | |___| |_| |
 (_)     | |   |_| |_____|____/ |_|   |_| /_/   \_\____/|____/|_____|____/ 
        /_/                                                                

TEST PASSED: Creación Empleado Exitosa
----------------------------------------------------------------------------
]]></system-err>
</testsuite>
